[debug] [2026-01-06T22:11:59.661Z] ----------------------------------------------------------------------
[debug] [2026-01-06T22:11:59.673Z] Command:       C:\Program Files\nodejs\node.exe C:\Users\RohiT\AppData\Roaming\npm\node_modules\firebase-tools\lib\bin\firebase.js deploy --only functions
[debug] [2026-01-06T22:11:59.673Z] CLI Version:   14.25.0
[debug] [2026-01-06T22:11:59.673Z] Platform:      win32
[debug] [2026-01-06T22:11:59.673Z] Node Version:  v22.19.0
[debug] [2026-01-06T22:11:59.674Z] Time:          Wed Jan 07 2026 03:41:59 GMT+0530 (India Standard Time)
[debug] [2026-01-06T22:11:59.674Z] ----------------------------------------------------------------------
[debug] 
[debug] [2026-01-06T22:11:59.930Z] > command requires scopes: ["email","openid","https://www.googleapis.com/auth/cloudplatformprojects.readonly","https://www.googleapis.com/auth/firebase","https://www.googleapis.com/auth/cloud-platform"]
[debug] [2026-01-06T22:11:59.931Z] > authorizing via signed-in user (movigoo4@gmail.com)
[debug] [2026-01-06T22:11:59.931Z] [iam] checking project movigoo-23d18 for permissions ["cloudfunctions.functions.create","cloudfunctions.functions.delete","cloudfunctions.functions.get","cloudfunctions.functions.list","cloudfunctions.functions.update","cloudfunctions.operations.get","firebase.projects.get"]
[debug] [2026-01-06T22:11:59.933Z] Checked if tokens are valid: false, expires at: 1767738370938
[debug] [2026-01-06T22:11:59.933Z] Checked if tokens are valid: false, expires at: 1767738370938
[debug] [2026-01-06T22:11:59.933Z] > refreshing access token with scopes: []
[debug] [2026-01-06T22:11:59.935Z] >>> [apiv2][query] POST https://www.googleapis.com/oauth2/v3/token [none]
[debug] [2026-01-06T22:11:59.935Z] >>> [apiv2][body] POST https://www.googleapis.com/oauth2/v3/token [omitted]
[debug] [2026-01-06T22:12:00.287Z] <<< [apiv2][status] POST https://www.googleapis.com/oauth2/v3/token 200
[debug] [2026-01-06T22:12:00.288Z] <<< [apiv2][body] POST https://www.googleapis.com/oauth2/v3/token [omitted]
[debug] [2026-01-06T22:12:00.308Z] >>> [apiv2][query] POST https://cloudresourcemanager.googleapis.com/v1/projects/movigoo-23d18:testIamPermissions [none]
[debug] [2026-01-06T22:12:00.309Z] >>> [apiv2][(partial)header] POST https://cloudresourcemanager.googleapis.com/v1/projects/movigoo-23d18:testIamPermissions x-goog-quota-user=projects/movigoo-23d18
[debug] [2026-01-06T22:12:00.309Z] >>> [apiv2][body] POST https://cloudresourcemanager.googleapis.com/v1/projects/movigoo-23d18:testIamPermissions {"permissions":["cloudfunctions.functions.create","cloudfunctions.functions.delete","cloudfunctions.functions.get","cloudfunctions.functions.list","cloudfunctions.functions.update","cloudfunctions.operations.get","firebase.projects.get"]}
[debug] [2026-01-06T22:12:00.762Z] <<< [apiv2][status] POST https://cloudresourcemanager.googleapis.com/v1/projects/movigoo-23d18:testIamPermissions 200
[debug] [2026-01-06T22:12:00.763Z] <<< [apiv2][body] POST https://cloudresourcemanager.googleapis.com/v1/projects/movigoo-23d18:testIamPermissions {"permissions":["cloudfunctions.functions.create","cloudfunctions.functions.delete","cloudfunctions.functions.get","cloudfunctions.functions.list","cloudfunctions.functions.update","cloudfunctions.operations.get","firebase.projects.get"]}
[debug] [2026-01-06T22:12:00.763Z] Checked if tokens are valid: true, expires at: 1767741119288
[debug] [2026-01-06T22:12:00.763Z] Checked if tokens are valid: true, expires at: 1767741119288
[debug] [2026-01-06T22:12:00.763Z] >>> [apiv2][query] POST https://iam.googleapis.com/v1/projects/movigoo-23d18/serviceAccounts/movigoo-23d18@appspot.gserviceaccount.com:testIamPermissions [none]
[debug] [2026-01-06T22:12:00.763Z] >>> [apiv2][body] POST https://iam.googleapis.com/v1/projects/movigoo-23d18/serviceAccounts/movigoo-23d18@appspot.gserviceaccount.com:testIamPermissions {"permissions":["iam.serviceAccounts.actAs"]}
